4.87159808
5.219446784
5.505630208
5.508538368
5.506670592
5.521514496
5.518864384
5.516386304
5.518565376
5.518389248
5.5180288
5.51743488
5.517299712
5.516296192
5.50813696
5.509496832
5.506215936
5.505929216
5.505728512
5.504643072
5.504360448
5.504352256
5.504282624
5.504557056
5.50436864
5.511909376
5.506117632
5.506277376
5.505163264
5.505097728
5.50596608
5.508149248
5.504700416
5.504446464
5.50305792
5.500854272
5.501636608
5.50170624
5.502701568
5.504057344
5.502038016
5.501902848
5.503299584
5.501804544
5.501505536
5.502590976
5.393195008
5.392011264
5.505245184
5.51118848
5.403521024
5.28789504
