4.87839744
5.45042432
5.679357952
5.679009792
5.67916544
5.678329856
5.679161344
5.676908544
5.678145536
5.677522944
5.677674496
5.67724032
5.677940736
5.679443968
5.680492544
5.70353664
5.693976576
5.691887616
5.688455168
5.689061376
5.690314752
5.713702912
5.684420608
5.68434688
5.683347456
5.683064832
5.683208192
5.684195328
5.68479744
5.683621888
5.682638848
5.679910912
5.681856512
5.679980544
5.68102912
5.680254976
5.681897472
5.68242176
5.681168384
5.681197056
5.683884032
5.684224
5.684211712
5.686685696
5.681958912
5.682573312
5.682221056
5.680377856
5.742678016
5.735596032
5.739634688
5.738401792
