4.6129152
5.392605184
5.492543488
5.492928512
5.489860608
5.495533568
5.48954112
5.491601408
5.491421184
5.491585024
5.492314112
5.491208192
5.491073024
5.491007488
5.489774592
5.491544064
5.491646464
5.491879936
5.493133312
5.492432896
5.492191232
5.492035584
5.491806208
5.491867648
5.495386112
5.492809728
5.495894016
5.4992896
5.49257216
5.492023296
5.492486144
5.491912704
5.492092928
5.49308416
5.53091072
5.524709376
5.524590592
5.510131712
5.509472256
5.511335936
5.509623808
5.509808128
5.509087232
5.506957312
5.5067648
5.506453504
5.50674432
5.6982528
5.636718592
5.708673024
5.503311872
5.691686912
