4.609200128
5.187649536
5.502840832
5.502066688
5.469241344
5.47022848
5.463474176
5.463216128
5.462827008
5.459156992
5.458567168
5.458407424
5.458169856
5.45828864
5.458276352
5.459042304
5.460652032
5.459795968
5.480247296
5.451517952
5.448634368
5.449064448
5.446336512
5.445144576
5.445562368
5.445767168
5.448077312
5.447364608
5.447479296
5.444476928
5.447278592
5.446639616
5.44643072
5.449437184
5.44681984
5.438820352
5.436145664
5.435838464
5.435682816
5.432840192
5.433417728
5.440221184
5.435277312
5.434486784
5.4341632
5.433716736
5.610790912
5.435404288
5.611368448
5.60883712
5.435518976
5.610278912
