4.548440064
5.136887808
5.109096448
5.128032256
5.125042176
5.126713344
5.126733824
5.1275776
5.130559488
5.161496576
5.1485696
5.149794304
5.151756288
5.148557312
5.1485696
5.148499968
5.144051712
5.146824704
5.147029504
5.146636288
5.146791936
5.146243072
5.147938816
5.151342592
5.151440896
5.152231424
5.1587072
5.159010304
5.219926016
5.209632768
5.210079232
5.23388928
5.215789056
5.182058496
5.186543616
5.183524864
5.183758336
5.188030464
5.180735488
5.180145664
5.1800064
5.17859328
5.178744832
5.183995904
5.18377472
5.223428096
5.224210432
5.02329344
5.023690752
5.224112128
5.024018432
5.02370304
