4.66716672
5.235933184
5.455306752
5.450948608
5.450960896
5.45009664
5.450903552
5.44974848
5.44917504
5.457727488
5.452869632
5.449588736
5.449371648
5.449392128
5.448790016
5.449654272
5.449367552
5.449408512
5.449351168
5.448523776
5.447405568
5.448863744
5.44782336
5.45071104
5.450981376
5.448351744
5.448495104
5.447581696
5.44755712
5.447467008
5.448523776
5.473140736
5.45660928
5.450899456
5.448032256
5.44782336
5.448003584
5.449064448
5.448761344
5.448777728
5.450272768
5.449588736
5.445758976
5.442658304
5.443268608
5.444026368
5.444030464
5.444395008
5.513351168
5.512695808
5.511917568
5.511901184
