4.810858496
5.511151616
5.495230464
5.494571008
5.494878208
5.495414784
5.49533696
5.495164928
5.497233408
5.49736448
5.521240064
5.498073088
5.496786944
5.496328192
5.496365056
5.496020992
5.496082432
5.496262656
5.496045568
5.497950208
5.495574528
5.495697408
5.496512512
5.497638912
5.497417728
5.496700928
5.496508416
5.495631872
5.495504896
5.495128064
5.495836672
5.495570432
5.495783424
5.502713856
5.49844992
5.499031552
5.498773504
5.504
5.499170816
5.498658816
5.498630144
5.497798656
5.49736448
5.496684544
5.497049088
5.49994496
5.375647744
5.375557632
5.497184256
5.497278464
5.382934528
5.374758912
