4.554985472
5.249662976
5.501784064
5.502345216
5.498322944
5.497823232
5.4975488
5.497782272
5.497716736
5.497593856
5.523234816
5.498478592
5.498007552
5.497769984
5.496160256
5.496938496
5.496754176
5.496602624
5.496680448
5.495832576
5.495607296
5.49523456
5.49545984
5.495427072
5.495271424
5.495271424
5.495279616
5.497643008
5.49486592
5.494939648
5.496066048
5.495058432
5.495422976
5.501259776
5.49820416
5.496434688
5.496385536
5.503369216
5.504401408
5.506244608
5.503561728
5.503254528
5.503184896
5.50289408
5.503442944
5.506633728
5.506592768
5.391020032
5.390610432
5.503803392
5.390495744
5.391024128
