4.702711808
5.424070656
5.380468736
5.380390912
5.405257728
5.382078464
5.380575232
5.380329472
5.383880704
5.383643136
5.381021696
5.380878336
5.380632576
5.3810176
5.381173248
5.38087424
5.38230784
5.382447104
5.381992448
5.38243072
5.381992448
5.383643136
5.381001216
5.383438336
5.383262208
5.380390912
5.408841728
5.386571776
5.384425472
5.384220672
5.381320704
5.380898816
5.381660672
5.381206016
5.381644288
5.38105856
5.3796864
5.379842048
5.379710976
5.379960832
5.3819392
5.380087808
5.379723264
5.379022848
5.380104192
5.380009984
5.598580736
5.600403456
5.418041344
5.607804928
5.417988096
5.607493632
