4.609601536
5.152776192
5.399072768
5.39824128
5.395603456
5.395304448
5.397426176
5.400662016
5.400158208
5.417242624
5.419667456
5.416603648
5.44258048
5.42633984
5.421494272
5.416964096
5.417443328
5.416460288
5.416374272
5.4153216
5.417914368
5.41820928
5.41517824
5.414838272
5.413838848
5.414928384
5.41472768
5.414187008
5.41423616
5.41243392
5.414014976
5.413617664
5.416112128
5.418098688
5.43944704
5.416718336
5.414383616
5.41427712
5.4158336
5.414998016
5.41270016
5.412683776
5.412519936
5.41247488
5.412732928
5.623701504
5.409603584
5.411004416
5.413408768
5.623160832
5.621735424
5.62210816
