4.77349888
5.451026432
5.453492224
5.447815168
5.448552448
5.448945664
5.451354112
5.447696384
5.447213056
5.447671808
5.447315456
5.446918144
5.446971392
5.446189056
5.447155712
5.45132544
5.448650752
5.448802304
5.447958528
5.446381568
5.44641024
5.445566464
5.446701056
5.519601664
5.517357056
5.52300544
5.517254656
5.51593984
5.514207232
5.513928704
5.515030528
5.517340672
5.514203136
5.513883648
5.513396224
5.512167424
5.511933952
5.514010624
5.490798592
5.49054464
5.489352704
5.488357376
5.490925568
5.489635328
5.486686208
5.487333376
5.38441728
5.384192
5.487067136
5.496864768
5.400428544
5.397389312
