4.49345536
5.192445952
5.50187008
5.501689856
5.4996992
5.500727296
5.467701248
5.46793472
5.467684864
5.469458432
5.469208576
5.463724032
5.463392256
5.462376448
5.462458368
5.465759744
5.465796608
5.46639872
5.46605056
5.472190464
5.467332608
5.464576
5.464793088
5.46439168
5.464981504
5.464993792
5.464756224
5.464543232
5.463912448
5.466980352
5.463789568
5.465849856
5.463240704
5.462945792
5.461168128
5.461639168
5.460926464
5.460729856
5.460647936
5.465034752
5.462515712
5.473779712
5.464465408
5.465714688
5.350141952
5.465362432
5.465214976
5.461630976
5.253083136
5.337567232
5.460865024
5.346197504
