4.638588928
5.031223296
5.315403776
5.315612672
5.314875392
5.308870656
5.308305408
5.290901504
5.291503616
5.294088192
5.289947136
5.28969728
5.30051072
5.30917376
5.319110656
5.311188992
5.310844928
5.310861312
5.31052544
5.309702144
5.311074304
5.303218176
5.303607296
5.302439936
5.30092032
5.300867072
5.30049024
5.293498368
5.293494272
5.293539328
5.29424384
5.296664576
5.296570368
5.293944832
5.289586688
5.290336256
5.297852416
5.291450368
5.29082368
5.289750528
5.290110976
5.290381312
5.29231872
5.28934912
5.29076224
5.292023808
5.176676352
5.168275456
5.28934912
5.291978752
5.176434688
5.176250368
