4.481814528
5.121486848
5.333712896
5.34593536
5.345673216
5.346709504
5.346439168
5.34607872
5.349044224
5.348007936
5.339394048
5.336379392
5.336113152
5.335003136
5.343944704
5.338349568
5.34042624
5.339754496
5.337858048
5.337088
5.338374144
5.338308608
5.338181632
5.338304512
5.336711168
5.335629824
5.335801856
5.335764992
5.336797184
5.336281088
5.335801856
5.335228416
5.33182464
5.334646784
5.334605824
5.333069824
5.350772736
5.33731328
5.33669888
5.335117824
5.334147072
5.331709952
5.331488768
5.332762624
5.331587072
5.219446784
5.33141504
5.330587648
5.218832384
5.21857024
5.333262336
5.22285056
