4.801404928
5.576921088
5.45871872
5.461352448
5.46228224
5.462818816
5.490159616
5.494247424
5.4775808
5.477441536
5.474353152
5.474496512
5.483884544
5.479858176
5.473406976
5.469323264
5.467123712
5.491310592
5.46574336
5.465206784
5.464879104
5.46455552
5.467316224
5.464866816
5.464416256
5.46473984
5.466669056
5.501636608
5.477527552
5.510946816
5.514850304
5.465870336
5.465657344
5.465817088
5.467041792
5.463556096
5.46379776
5.467107328
5.467029504
5.488050176
5.46686976
5.465595904
5.46510848
5.46226176
5.464547328
5.459697664
5.459730432
5.546283008
5.542731776
5.457260544
5.541441536
5.54110976
