4.598534144
5.060808704
5.2938752
5.299290112
5.299023872
5.29768448
5.297197056
5.283766272
5.283454976
5.28603136
5.285863424
5.283282944
5.28236544
5.28039936
5.28003072
5.279051776
5.280882688
5.280718848
5.28054272
5.2803584
5.279391744
5.278818304
5.281570816
5.281660928
5.281841152
5.288992768
5.283397632
5.283196928
5.280792576
5.2806656
5.279576064
5.281583104
5.28128
5.2811776
5.280169984
5.279297536
5.2783104
5.27839232
5.278609408
5.281021952
5.280432128
5.280284672
5.280477184
5.281570816
5.279031296
5.060132864
5.282639872
5.284892672
5.158912
5.187457024
5.28408576
5.161680896
