4.838305792
5.312565248
5.4602752
5.462953984
5.467152384
5.467086848
5.465059328
5.46916352
5.467713536
5.467467776
5.464870912
5.464047616
5.463597056
5.463044096
5.463191552
5.46459648
5.472649216
5.472899072
5.472468992
5.472210944
5.471801344
5.471412224
5.472448512
5.47221504
5.474287616
5.480943616
5.472108544
5.47180544
5.471367168
5.471223808
5.472026624
5.49484544
5.487316992
5.486276608
5.486034944
5.471326208
5.474738176
5.472018432
5.473923072
5.471223808
5.470265344
5.470543872
5.469646848
5.469822976
5.46998272
5.708988416
5.468209152
5.707137024
5.476077568
5.472415744
5.711589376
5.71346944
