4.6780416
5.20189952
5.266550784
5.275336704
5.272436736
5.271928832
5.271007232
5.273899008
5.271093248
5.273513984
5.273092096
5.273407488
5.270257664
5.270388736
5.270708224
5.295005696
5.274120192
5.273862144
5.272690688
5.274247168
5.27403008
5.271728128
5.272117248
5.271810048
5.272133632
5.271707648
5.271953408
5.273214976
5.2814848
5.278941184
5.275553792
5.277970432
5.274324992
5.274169344
5.27394816
5.272559616
5.273849856
5.312159744
5.274365952
5.273710592
5.27378432
5.273300992
5.273739264
5.27495168
5.27593472
5.275435008
5.16933632
5.275324416
5.2740096
5.1675136
5.167542272
5.167439872
