4.792410112
5.53603072
5.389570048
5.38662912
5.39316224
5.385080832
5.384220672
5.383544832
5.38292224
5.382406144
5.38165248
5.381730304
5.38116096
5.380927488
5.379592192
5.425954816
5.3679104
5.38472448
5.379776512
5.37931776
5.379674112
5.382344704
5.379608576
5.38001408
5.381869568
5.380767744
5.407039488
5.382049792
5.380878336
5.380902912
5.379887104
5.380243456
5.381771264
5.382959104
5.403602944
5.398183936
5.400276992
5.39815936
5.383155712
5.407137792
5.440503808
5.459730432
5.461938176
5.425926144
5.420445696
5.421981696
5.420965888
5.41886464
5.6630272
5.664878592
5.667651584
5.66757376
