4.358213632
4.9590272
5.319696384
5.316796416
5.318365184
5.318946816
5.317312512
5.316808704
5.315784704
5.31523584
5.315186688
5.315465216
5.315571712
5.315416064
5.31562496
5.315555328
5.31570688
5.315080192
5.31505152
5.315309568
5.31550208
5.321904128
5.31587072
5.314670592
5.314154496
5.314052096
5.317410816
5.316124672
5.316284416
5.315698688
5.31572736
5.313478656
5.312782336
5.315026944
5.313765376
5.298704384
5.293441024
5.293645824
5.402112
5.377712128
5.377953792
5.37708544
5.380804608
5.38046464
5.377019904
5.61475584
5.375827968
5.377757184
5.610831872
5.375889408
5.608456192
5.605228544
