4.82531328
5.311401984
5.477666816
5.481988096
5.479247872
5.478895616
5.478895616
5.477380096
5.47715072
5.477003264
5.47643392
5.476364288
5.47115008
5.476749312
5.470199808
5.472346112
5.472342016
5.469216768
5.471670272
5.471166464
5.474541568
5.4714368
5.470306304
5.4703104
5.470048256
5.469585408
5.473370112
5.473103872
5.47325952
5.472256
5.471502336
5.468073984
5.471023104
5.469118464
5.468770304
5.511225344
5.507330048
5.504843776
5.503840256
5.507280896
5.47364864
5.476401152
5.474091008
5.474029568
5.473415168
5.468332032
5.668704256
5.67015424
5.467611136
5.468397568
5.668478976
5.667094528
