4.821487616
5.372522496
5.42400512
5.457952768
5.458735104
5.457133568
5.456408576
5.456576512
5.423702016
5.423767552
5.422985216
5.422682112
5.424656384
5.418668032
5.418192896
5.424902144
5.41855744
5.41888512
5.41814784
5.418594304
5.418225664
5.418737664
5.418483712
5.417263104
5.416042496
5.415522304
5.416521728
5.420711936
5.421441024
5.4187008
5.418663936
5.419159552
5.417930752
5.417590784
5.416464384
5.416247296
5.416357888
5.416173568
5.42328832
5.42332928
5.4228992
5.420240896
5.420367872
5.424128
5.421830144
5.421633536
5.421023232
5.420101632
5.663936512
5.664272384
5.665673216
5.666004992
