4.581900288
5.164163072
5.195747328
5.189296128
5.189722112
5.189009408
5.192404992
5.192515584
5.249327104
5.254774784
5.253988352
5.25377536
5.251227648
5.218312192
5.222928384
5.219684352
5.220020224
5.22033152
5.214048256
5.216641024
5.216575488
5.215236096
5.221056512
5.227401216
5.217980416
5.214662656
5.217824768
5.21508864
5.215342592
5.219848192
5.221367808
5.220786176
5.220769792
5.220552704
5.220634624
5.220225024
5.22360832
5.223419904
5.220864
5.220642816
5.220712448
5.220081664
5.220499456
5.223636992
5.24597248
5.227577344
5.225304064
5.348777984
5.033222144
5.32017152
5.221003264
5.332197376
