4.627595264
4.999139328
5.203644416
5.268422656
5.208358912
5.213097984
5.213708288
5.196128256
5.195776
5.196423168
5.199929344
5.196763136
5.19684096
5.196361728
5.196111872
5.202804736
5.207031808
5.21064448
5.219598336
5.216526336
5.215776768
5.215604736
5.216079872
5.215916032
5.216190464
5.216755712
5.217173504
5.215428608
5.214224384
5.21105408
5.20994816
5.211267072
5.2112384
5.21097216
5.211090944
5.21007104
5.212524544
5.209710592
5.209198592
5.209931776
5.21560064
5.216600064
5.219328
5.21934848
5.21961472
5.216657408
5.051998208
5.220573184
5.2201472
5.050404864
5.096210432
5.042020352
