4.36238336
4.466999296
4.945965056
5.15047424
5.445922816
5.30323456
5.3233664
5.320568832
5.317664768
5.314895872
5.314973696
5.314424832
5.314228224
5.504499712
5.315772416
5.3153792
5.311893504
5.314486272
5.504413696
5.310365696
5.503647744
5.308608512
5.307994112
5.310439424
5.303484416
5.501841408
5.304938496
5.314891776
5.312712704
5.509394432
5.311639552
5.311250432
5.311213568
5.194584064
4.784304128
4.793532416
4.805025792
4.82879488
4.848771072
4.867268608
4.884361216
4.88839168
4.88937472
4.901261312
4.91194368
4.958253056
5.163524096
4.859666432
4.863094784
4.86668288
4.997439488
4.891426816
