4.624011264
5.349384192
5.496291328
5.49883904
5.498261504
5.499375616
5.49625856
5.49650432
5.503860736
5.4975488
5.4991872
5.497540608
5.497335808
5.51307264
5.51264256
5.51223296
5.51477248
5.513097216
5.512704
5.512728576
5.515911168
5.515882496
5.518491648
5.518094336
5.518721024
5.515968512
5.517553664
5.515259904
5.505912832
5.5053312
5.512167424
5.505437696
5.504724992
5.504647168
5.504135168
5.505691648
5.504790528
5.504053248
5.503229952
5.502496768
5.505527808
5.505339392
5.49533696
5.511831552
5.528109056
5.527773184
5.723561984
5.728301056
5.527130112
5.722914816
5.52620032
5.722218496
