4.790194176
5.175349248
5.442142208
5.442277376
5.441302528
5.441191936
5.4416384
5.442613248
5.44366592
5.442736128
5.442244608
5.441253376
5.441728512
5.440466944
5.439197184
5.439238144
5.439778816
5.439619072
5.439074304
5.438795776
5.44026624
5.440049152
5.462560768
5.443432448
5.439205376
5.43864832
5.438492672
5.438660608
5.438910464
5.438619648
5.441536
5.440933888
5.440602112
5.44063488
5.440598016
5.441716224
5.441552384
5.44131072
5.440876544
5.439401984
5.439328256
5.439336448
5.44
5.4402048
5.462646784
5.652914176
5.44118784
5.441019904
5.635248128
5.44026624
5.635117056
5.574180864
