4.71750656
5.128290304
5.308735488
5.308669952
5.30563072
5.305176064
5.30505728
5.302714368
5.302939648
5.302759424
5.305602048
5.305327616
5.305495552
5.305909248
5.305688064
5.308338176
5.30546688
5.306773504
5.306437632
5.31324928
5.307752448
5.306994688
5.30604032
5.301256192
5.301579776
5.303906304
5.301362688
5.301190656
5.303701504
5.303238656
5.300994048
5.300903936
5.304569856
5.304815616
5.301510144
5.300666368
5.3015552
5.302018048
5.300862976
5.30368512
5.31755008
5.30296832
5.303783424
5.302984704
5.30300928
5.302468608
5.493157888
5.49511168
5.312581632
5.31234816
5.502816256
5.50066176
