4.665184256
5.186433024
5.449248768
5.450522624
5.447901184
5.448589312
5.45466368
5.447794688
5.45148928
5.449064448
5.451042816
5.448372224
5.45026048
5.48923392
5.460492288
5.447811072
5.461762048
5.476032512
5.482123264
5.480984576
5.48319232
5.481291776
5.480157184
5.477085184
5.476478976
5.480071168
5.482156032
5.504876544
5.481660416
5.483872256
5.480402944
5.480493056
5.484822528
5.48569088
5.484818432
5.510270976
5.505687552
5.50250496
5.505998848
5.4880256
5.493133312
5.487235072
5.486866432
5.48737024
5.485805568
5.486931968
5.485617152
5.487140864
5.547958272
5.54940416
5.549043712
5.549666304
