4.61893632
5.17853184
5.561344
5.560905728
5.560877056
5.56058624
5.56040192
5.561503744
5.561266176
5.560979456
5.560987648
5.560020992
5.55972608
5.558915072
5.560537088
5.560946688
5.558550528
5.577048064
5.559119872
5.558132736
5.557940224
5.557264384
5.55978752
5.557796864
5.557743616
5.55767808
5.557772288
5.560221696
5.557026816
5.557305344
5.557399552
5.557374976
5.557116928
5.555920896
5.555679232
5.554888704
5.554704384
5.557542912
5.55556864
5.55761664
5.563416576
5.555965952
5.555437568
5.55718656
5.555105792
5.447159808
5.446705152
5.555081216
5.555245056
5.446979584
5.556174848
5.447815168
