4.631482368
5.270614016
5.320462336
5.320699904
5.318545408
5.318856704
5.318213632
5.326434304
5.320380416
5.320372224
5.317718016
5.320712192
5.320404992
5.319172096
5.319020544
5.318914048
5.3177344
5.317136384
5.316292608
5.316149248
5.31607552
5.31595264
5.3158912
5.315477504
5.31585024
5.313908736
5.315366912
5.31734528
5.378056192
5.342052352
5.337616384
5.335928832
5.333213184
5.332717568
5.331750912
5.330886656
5.330604032
5.354856448
5.34923264
5.349249024
5.333020672
5.333078016
5.32586496
5.325103104
5.326610432
5.32701184
5.5181312
5.514412032
5.323255808
5.323374592
5.517049856
5.516947456
