4.603711488
5.16864
5.270478848
5.285126144
5.285117952
5.283762176
5.284204544
5.287161856
5.287124992
5.283745792
5.286027264
5.282582528
5.284749312
5.281759232
5.283708928
5.28318464
5.285453824
5.282799616
5.28267264
5.282619392
5.282074624
5.283639296
5.282193408
5.298577408
5.28939008
5.284159488
5.284790272
5.284343808
5.284397056
5.283999744
5.284540416
5.2859904
5.2842496
5.283885056
5.28377856
5.283520512
5.283127296
5.304025088
5.318496256
5.30675712
5.307015168
5.304598528
5.306847232
5.30702336
5.304958976
5.304766464
5.29952768
5.183041536
5.182275584
5.180604416
5.292924928
5.179887616
