4.644519936
5.206818816
5.260427264
5.260152832
5.255933952
5.251391488
5.251211264
5.250842624
5.2517888
5.251694592
5.232050176
5.22930176
5.230501888
5.244055552
5.243932672
5.244043264
5.24675072
5.265047552
5.244796928
5.244923904
5.26688256
5.252882432
5.251751936
5.25201408
5.251944448
5.29063936
5.247565824
5.247070208
5.242343424
5.241004032
5.240049664
5.295337472
5.299662848
5.300752384
5.299871744
5.276585984
5.2757504
5.276921856
5.276827648
5.270102016
5.271461888
5.267099648
5.266075648
5.26389248
5.262852096
5.262708736
5.261942784
5.49638144
5.264769024
5.485883392
5.489549312
5.488451584
