4.391907328
5.159264256
5.293764608
5.294002176
5.294383104
5.29381376
5.298348032
5.321371648
5.293531136
5.291986944
5.293375488
5.290876928
5.290278912
5.30085888
5.300035584
5.302894592
5.300494336
5.300260864
5.30030592
5.30194432
5.300482048
5.301633024
5.302771712
5.30466816
5.305143296
5.303975936
5.301198848
5.301850112
5.29647616
5.295816704
5.30364416
5.319573504
5.308420096
5.309063168
5.308235776
5.311164416
5.308469248
5.30825216
5.346705408
5.296029696
5.294411776
5.292224512
5.301563392
5.302304768
5.085159424
5.300629504
5.301116928
5.300809728
5.192556544
5.192404992
5.300158464
5.191737344
