4.571570176
5.496070144
5.454532608
5.453975552
5.45398784
5.453246464
5.455101952
5.451358208
5.452386304
5.452619776
5.45267712
5.478805504
5.4539264
5.454229504
5.454475264
5.450776576
5.451030528
5.455081472
5.45513472
5.452378112
5.451972608
5.45069056
5.451096064
5.44991232
5.450039296
5.449183232
5.449150464
5.450162176
5.452050432
5.45191936
5.451849728
5.449146368
5.452791808
5.450305536
5.46002944
5.454311424
5.453037568
5.45296384
5.450719232
5.471244288
5.464997888
5.463212032
5.46353152
5.464981504
5.46258944
5.459697664
5.344444416
5.459456
5.238726656
5.235662848
5.460365312
5.344538624
