4.504805376
4.882014208
5.283913728
5.281202176
5.280509952
5.280251904
5.279649792
5.278752768
5.27863808
5.278019584
5.277917184
5.277908992
5.280595968
5.27904768
5.283086336
5.28048128
5.2801536
5.27894528
5.279207424
5.27962112
5.279014912
5.278625792
5.286752256
5.280411648
5.284429824
5.32486144
5.324746752
5.327589376
5.326180352
5.2934656
5.293867008
5.293748224
5.292650496
5.292785664
5.287964672
5.288792064
5.290385408
5.292388352
5.292429312
5.329485824
5.348773888
5.351641088
5.354369024
5.349490688
5.343993856
5.221511168
5.338161152
5.224361984
5.335465984
5.334016
5.22027008
5.220048896
