4.570513408
5.14398208
5.317210112
5.317115904
5.31406848
5.313626112
5.313261568
5.313241088
5.313204224
5.31453952
5.336887296
5.315751936
5.31767296
5.316386816
5.313646592
5.3152768
5.314572288
5.313921024
5.314486272
5.31437568
5.314486272
5.314363392
5.315362816
5.315612672
5.31574784
5.31697664
5.319192576
5.319204864
5.317824512
5.3175296
5.315108864
5.524647936
5.254868992
5.281779712
5.447143424
5.281103872
5.264601088
5.26190592
5.262958592
5.259583488
5.259264
5.259866112
5.255827456
5.255221248
5.08086272
5.258072064
5.25410304
5.141598208
5.254623232
5.079875584
5.25438976
5.07973632
