4.860289024
5.391417344
5.448704
5.44718848
5.446688768
5.445914624
5.445615616
5.446979584
5.443936256
5.44417792
5.444276224
5.445578752
5.445238784
5.50576128
5.479641088
5.480185856
5.481299968
5.480689664
5.480214528
5.483753472
5.480128512
5.470208
5.470273536
5.472088064
5.471911936
5.4714368
5.473972224
5.473509376
5.450186752
5.448527872
5.449076736
5.450584064
5.449510912
5.449121792
5.44917504
5.489025024
5.471059968
5.46848768
5.468696576
5.468327936
5.464129536
5.47049472
5.467017216
5.46435072
5.463568384
5.311541248
5.463953408
5.466599424
5.46435072
5.312335872
5.312208896
5.312176128
