4.807069696
5.370630144
5.419307008
5.416435712
5.413261312
5.412245504
5.411422208
5.411049472
5.41267968
5.411885056
5.438275584
5.415620608
5.416054784
5.41861888
5.41802496
5.418131456
5.415047168
5.41417472
5.41433856
5.414158336
5.41370368
5.413609472
5.413486592
5.413859328
5.414002688
5.416431616
5.416595456
5.415452672
5.41202432
5.41300736
5.413036032
5.415886848
5.464096768
5.435215872
5.431779328
5.416493056
5.415174144
5.417807872
5.415858176
5.415972864
5.415432192
5.41452288
5.414453248
5.414334464
5.414805504
5.414805504
5.41732864
5.623308288
5.416976384
5.218766848
5.590949888
5.585604608
