4.875030528
5.469028352
5.459156992
5.454839808
5.454446592
5.453238272
5.452767232
5.453754368
5.453438976
5.460512768
5.45509376
5.4547456
5.456801792
5.456740352
5.457866752
5.457252352
5.45748992
5.457248256
5.456269312
5.456191488
5.456228352
5.455486976
5.455581184
5.455581184
5.455306752
5.455171584
5.455060992
5.45540096
5.45482752
5.459566592
5.459091456
5.463314432
5.4575104
5.453000704
5.452562432
5.453103104
5.452791808
5.452541952
5.452320768
5.45214464
5.451845632
5.451087872
5.4514688
5.45273856
5.452054528
5.4523904
5.653983232
5.30302976
5.453111296
5.452460032
5.653884928
5.303607296
